<?xml version="1.0" encoding="UTF-8"?>
<!-- Generated by org.testng.reporters.JUnitXMLReporter -->
<testsuite hostname="dhrub" ignored="0" name="Default test" tests="3" failures="0" timestamp="2021-02-11T15:39:44 CST" time="20.369" errors="0">
  <testcase name="crmLogoImageTest" time="0.227" classname="com.crm.qa.testcases.LoginPageTest"/>
  <testcase name="loginPageTitleTest" time="0.075" classname="com.crm.qa.testcases.LoginPageTest"/>
  <testcase name="loginTest" time="3.297" classname="com.crm.qa.testcases.LoginPageTest"/>
</testsuite> <!-- Default test -->
