<?xml version="1.0" encoding="UTF-8"?>
<testng-results skipped="0" failed="0" ignored="0" total="1" passed="1">
  <reporter-output>
  </reporter-output>
  <suite name="Default suite" duration-ms="15908" started-at="2021-02-22T14:58:08 CST" finished-at="2021-02-22T14:58:23 CST">
    <groups>
    </groups>
    <test name="Default test" duration-ms="15908" started-at="2021-02-22T14:58:08 CST" finished-at="2021-02-22T14:58:23 CST">
      <class name="com.crm.qa.testcases.ContactsPageTest">
        <test-method status="PASS" signature="SetUp()[pri:0, instance:com.crm.qa.testcases.ContactsPageTest@711f39f9]" name="SetUp" is-config="true" duration-ms="14898" started-at="2021-02-22T14:58:08 CST" finished-at="2021-02-22T14:58:23 CST">
          <reporter-output>
          </reporter-output>
        </test-method> <!-- SetUp -->
        <test-method status="PASS" signature="verifyContactsPageLabel()[pri:0, instance:com.crm.qa.testcases.ContactsPageTest@711f39f9]" name="verifyContactsPageLabel" duration-ms="263" started-at="2021-02-22T14:58:23 CST" finished-at="2021-02-22T14:58:23 CST">
          <reporter-output>
          </reporter-output>
        </test-method> <!-- verifyContactsPageLabel -->
        <test-method status="PASS" signature="tearDown()[pri:0, instance:com.crm.qa.testcases.ContactsPageTest@711f39f9]" name="tearDown" is-config="true" duration-ms="689" started-at="2021-02-22T14:58:23 CST" finished-at="2021-02-22T14:58:23 CST">
          <reporter-output>
          </reporter-output>
        </test-method> <!-- tearDown -->
      </class> <!-- com.crm.qa.testcases.ContactsPageTest -->
    </test> <!-- Default test -->
  </suite> <!-- Default suite -->
</testng-results>
